<?xml version="1.0" encoding="UTF-8"?>
<!-- Generated by org.testng.reporters.JUnitXMLReporter -->
<testsuite ignored="0" hostname="Kirans-MacBook-Air.local" failures="0" tests="5" name="Command line test" time="0.076" errors="0" timestamp="20 May 2019 22:31:54 GMT">
  <testcase classname="additionTest" name="additionTest" time="0.011"/>
  <testcase classname="divisionTest" name="divisionTest" time="0.0"/>
  <testcase classname="productTest" name="productTest" time="0.001"/>
  <testcase classname="remainderTest" name="remainderTest" time="0.0"/>
  <testcase classname="subTest" name="subTest" time="0.001"/>
</testsuite> <!-- Command line test -->
