<?xml version="1.0" encoding="UTF-8"?>
<!-- Generated by org.testng.reporters.JUnitXMLReporter -->
<testsuite ignored="0" hostname="Kirans-MacBook-Air.local" failures="0" tests="22" name="Command line test" time="0.061" errors="0" timestamp="21 May 2019 03:21:34 GMT">
  <testcase classname="additionNegativeTest" name="additionNegativeTest" time="0.011"/>
  <testcase classname="additionNegativeTest" name="additionNegativeTest2" time="0.001"/>
  <testcase classname="additionNegativeTest" name="additionNegativeTest3" time="0.001"/>
  <testcase classname="additionNegativeTest" name="additionNegativeTest4" time="0.0"/>
  <testcase classname="additionNegativeTest" name="additionNegativeTest5" time="0.0"/>
  <testcase classname="additionTest" name="additionTest" time="0.0"/>
  <testcase classname="divisionTest" name="divisionTest" time="0.0"/>
  <testcase classname="productTest" name="productTest" time="0.0"/>
  <testcase classname="productTest" name="productTest2" time="0.0"/>
  <testcase classname="productTest" name="productTest3" time="0.0"/>
  <testcase classname="productTest" name="productTest4" time="0.001"/>
  <testcase classname="productTest" name="productTest5" time="0.0"/>
  <testcase classname="productTest" name="productTest6" time="0.0"/>
  <testcase classname="remainderTest" name="remainderTest" time="0.0"/>
  <testcase classname="divisionZeroTest" name="divisionZeroTest" time="0.002"/>
  <testcase classname="divisionZeroTest" name="divisionZeroTest2" time="0.001"/>
  <testcase classname="divisionZeroTest" name="divisionZeroTest3" time="0.001"/>
  <testcase classname="subTest" name="subTest" time="0.001"/>
  <testcase classname="subTest" name="subTest2" time="0.0"/>
  <testcase classname="subTest" name="subTest3" time="0.0"/>
  <testcase classname="subTest" name="subTest4" time="0.0"/>
  <testcase classname="subTest" name="subTest5" time="0.0"/>
</testsuite> <!-- Command line test -->
