<?xml version="1.0" encoding="UTF-8"?>
<testng-results ignored="0" total="5" passed="5" failed="0" skipped="0">
  <reporter-output>
  </reporter-output>
  <suite started-at="2019-05-20T22:31:54Z" name="Command line suite" finished-at="2019-05-20T22:31:54Z" duration-ms="76">
    <groups>
    </groups>
    <test started-at="2019-05-20T22:31:54Z" name="Command line test" finished-at="2019-05-20T22:31:54Z" duration-ms="76">
      <class name="subTest">
        <test-method signature="subTest()[pri:0, instance:subTest@1198b989]" started-at="2019-05-20T22:31:54Z" name="subTest" finished-at="2019-05-20T22:31:54Z" duration-ms="1" status="PASS">
          <reporter-output>
          </reporter-output>
        </test-method> <!-- subTest -->
      </class> <!-- subTest -->
      <class name="additionTest">
        <test-method signature="additionTest()[pri:0, instance:additionTest@6e75aa0d]" started-at="2019-05-20T22:31:54Z" name="additionTest" finished-at="2019-05-20T22:31:54Z" duration-ms="11" status="PASS">
          <reporter-output>
          </reporter-output>
        </test-method> <!-- additionTest -->
      </class> <!-- additionTest -->
      <class name="productTest">
        <test-method signature="productTest()[pri:0, instance:productTest@2cbb3d47]" started-at="2019-05-20T22:31:54Z" name="productTest" finished-at="2019-05-20T22:31:54Z" duration-ms="1" status="PASS">
          <reporter-output>
          </reporter-output>
        </test-method> <!-- productTest -->
      </class> <!-- productTest -->
      <class name="remainderTest">
        <test-method signature="remainderTest()[pri:0, instance:remainderTest@527e5409]" started-at="2019-05-20T22:31:54Z" name="remainderTest" finished-at="2019-05-20T22:31:54Z" duration-ms="0" status="PASS">
          <reporter-output>
          </reporter-output>
        </test-method> <!-- remainderTest -->
      </class> <!-- remainderTest -->
      <class name="divisionTest">
        <test-method signature="divisionTest()[pri:0, instance:divisionTest@7fc229ab]" started-at="2019-05-20T22:31:54Z" name="divisionTest" finished-at="2019-05-20T22:31:54Z" duration-ms="0" status="PASS">
          <reporter-output>
          </reporter-output>
        </test-method> <!-- divisionTest -->
      </class> <!-- divisionTest -->
    </test> <!-- Command line test -->
  </suite> <!-- Command line suite -->
</testng-results>
